<?xml version="1.0" encoding="UTF-8"?>
<!-- Generated by org.testng.reporters.JUnitReportReporter -->
<testsuite hostname="DESKTOP-TR185PD" failures="0" tests="5" name="practice.BooKTicket" time="0.014" errors="0" timestamp="2022-01-21T09:30:25 IST" skipped="0">
  <testcase classname="practice.BooKTicket" name="bookTicketTest" time="0.002"/>
  <system-out/>
  <testcase classname="practice.BooKTicket" name="bookTicketTest" time="0.008"/>
  <system-out/>
  <testcase classname="practice.BooKTicket" name="bookTicketTest" time="0.001"/>
  <system-out/>
  <testcase classname="practice.BooKTicket" name="bookTicketTest" time="0.002"/>
  <system-out/>
  <testcase classname="practice.BooKTicket" name="bookTicketTest" time="0.001"/>
  <system-out/>
</testsuite> <!-- practice.BooKTicket -->
