<?xml version="1.0" encoding="UTF-8"?>
<!-- Generated by org.testng.reporters.JUnitReportReporter -->
<testsuite hostname="DESKTOP-TR185PD" failures="0" tests="3" name="practice.CreateOrgBCAC" time="0.018" errors="0" timestamp="2022-01-21T09:30:59 IST" skipped="0">
  <testcase classname="practice.CreateOrgBCAC" name="createOrgTest" time="0.011"/>
  <system-out/>
  <testcase classname="practice.CreateOrgBCAC" name="createOrgwithRatingTest" time="0.003"/>
  <system-out/>
  <testcase classname="practice.CreateOrgBCAC" name="createOrgwithindustriesTest" time="0.004"/>
  <system-out/>
</testsuite> <!-- practice.CreateOrgBCAC -->
