<?xml version="1.0" encoding="UTF-8"?>
<!-- Generated by org.testng.reporters.JUnitReportReporter -->
<testsuite hostname="DESKTOP-TR185PD" failures="0" tests="3" name="practice.CreateCustomerPriorityTest" time="0.018" errors="0" timestamp="2022-01-21T09:28:27 IST" skipped="0">
  <testcase classname="practice.CreateCustomerPriorityTest" name="createCustomerTest" time="0.012"/>
  <system-out/>
  <testcase classname="practice.CreateCustomerPriorityTest" name="modifyCustomerTest" time="0.002"/>
  <system-out/>
  <testcase classname="practice.CreateCustomerPriorityTest" name="deleteCustomerTest" time="0.004"/>
  <system-out/>
</testsuite> <!-- practice.CreateCustomerPriorityTest -->
