<?xml version="1.0" encoding="UTF-8"?>
<!-- Generated by org.testng.reporters.JUnitReportReporter -->
<testsuite hostname="DESKTOP-TR185PD" failures="0" tests="5" name="practice.SampleTest_dataProvider" time="0.017" errors="0" timestamp="2022-01-21T09:30:37 IST" skipped="0">
  <testcase classname="practice.SampleTest_dataProvider" name="bookTicket" time="0.003"/>
  <system-out/>
  <testcase classname="practice.SampleTest_dataProvider" name="bookTicket" time="0.008"/>
  <system-out/>
  <testcase classname="practice.SampleTest_dataProvider" name="bookTicket" time="0.002"/>
  <system-out/>
  <testcase classname="practice.SampleTest_dataProvider" name="bookTicket" time="0.002"/>
  <system-out/>
  <testcase classname="practice.SampleTest_dataProvider" name="bookTicket" time="0.002"/>
  <system-out/>
</testsuite> <!-- practice.SampleTest_dataProvider -->
