<?xml version="1.0" encoding="UTF-8"?>
<!-- Generated by org.testng.reporters.JUnitReportReporter -->
<testsuite hostname="DESKTOP-TR185PD" failures="0" tests="7" name="com.vtiger.contacttest.SaveButtonIsEnableOrNot" time="40.479" errors="0" timestamp="2022-01-17T10:45:10 IST" skipped="0">
  <testcase classname="com.vtiger.contacttest.SaveButtonIsEnableOrNot" name="readPropertiesFile" time="0.021"/>
  <system-out/>
  <testcase classname="com.vtiger.contacttest.SaveButtonIsEnableOrNot" name="navapp" time="9.602"/>
  <system-out>
login page displayed  </system-out>
  <testcase classname="com.vtiger.contacttest.SaveButtonIsEnableOrNot" name="login" time="4.520"/>
  <system-out>
Home page displayed  </system-out>
  <testcase classname="com.vtiger.contacttest.SaveButtonIsEnableOrNot" name="contactpage" time="8.546"/>
  <system-out>
Contact page  displayed  </system-out>
  <testcase classname="com.vtiger.contacttest.SaveButtonIsEnableOrNot" name="creatingContact" time="6.591"/>
  <system-out>
Creating New Contact page displayed  </system-out>
  <testcase classname="com.vtiger.contacttest.SaveButtonIsEnableOrNot" name="readingexceledata" time="0.916"/>
  <system-out/>
  <testcase classname="com.vtiger.contacttest.SaveButtonIsEnableOrNot" name="fillcreatepage" time="10.283"/>
  <system-out>
save button is enable Contacts not created  </system-out>
</testsuite> <!-- com.vtiger.contacttest.SaveButtonIsEnableOrNot -->
