<?xml version="1.0" encoding="UTF-8"?>
<!-- Generated by org.testng.reporters.JUnitReportReporter -->
<testsuite hostname="DESKTOP-TR185PD" failures="0" tests="1" name="com.crm.comcast.orgTest.ProjectUnitTest" time="0.402" errors="0" timestamp="2022-01-13T07:17:20 IST" skipped="0">
  <testcase classname="com.crm.comcast.orgTest.ProjectUnitTest" name="projectUnitT" time="0.402"/>
  <system-out/>
</testsuite> <!-- com.crm.comcast.orgTest.ProjectUnitTest -->
