<?xml version="1.0" encoding="UTF-8"?>
<!-- Generated by org.testng.reporters.JUnitReportReporter -->
<testsuite hostname="DESKTOP-TR185PD" failures="0" tests="4" name="practice.BankSendAmountTest" time="0.017" errors="0" timestamp="2022-01-21T09:29:39 IST" skipped="0">
  <testcase classname="practice.BankSendAmountTest" name="sendAmount" time="0.012"/>
  <system-out/>
  <testcase classname="practice.BankSendAmountTest" name="sendAmount" time="0.002"/>
  <system-out/>
  <testcase classname="practice.BankSendAmountTest" name="sendAmount" time="0.002"/>
  <system-out/>
  <testcase classname="practice.BankSendAmountTest" name="sendAmount" time="0.001"/>
  <system-out/>
</testsuite> <!-- practice.BankSendAmountTest -->
