<?xml version="1.0" encoding="UTF-8"?>
<!-- Generated by org.testng.reporters.JUnitReportReporter -->
<testsuite hostname="DESKTOP-TR185PD" failures="0" tests="4" name="com.vtiger.comcast.contacttest.CreateContactsTest" time="143.453" errors="0" timestamp="2022-01-22T09:39:34 IST" skipped="0">
  <testcase classname="com.vtiger.comcast.contacttest.CreateContactsTest" name="createContact" time="38.744"/>
  <system-out/>
  <testcase classname="com.vtiger.comcast.contacttest.CreateContactsTest" name="createContact" time="31.193"/>
  <system-out/>
  <testcase classname="com.vtiger.comcast.contacttest.CreateContactsTest" name="createContactwithorgTest" time="33.607"/>
  <system-out/>
  <testcase classname="com.vtiger.comcast.contacttest.CreateContactsTest" name="createContactwithorgTest" time="39.909"/>
  <system-out/>
</testsuite> <!-- com.vtiger.comcast.contacttest.CreateContactsTest -->
