<?xml version="1.0" encoding="UTF-8"?>
<!-- Generated by org.testng.reporters.JUnitReportReporter -->
<testsuite hostname="DESKTOP-TR185PD" failures="0" tests="7" name="com.vtiger.contacttest.CreateContactTC_31" time="107.132" errors="0" timestamp="2022-01-15T15:08:06 IST" skipped="0">
  <testcase classname="com.vtiger.contacttest.CreateContactTC_31" name="readPropertiesFile" time="0.018"/>
  <system-out/>
  <testcase classname="com.vtiger.contacttest.CreateContactTC_31" name="navapp" time="40.094"/>
  <system-out>
login page displayed  </system-out>
  <testcase classname="com.vtiger.contacttest.CreateContactTC_31" name="login" time="18.600"/>
  <system-out>
Home page displayed  </system-out>
  <testcase classname="com.vtiger.contacttest.CreateContactTC_31" name="contactpage" time="17.584"/>
  <system-out>
Contact page  displayed  </system-out>
  <testcase classname="com.vtiger.contacttest.CreateContactTC_31" name="creatingContact" time="8.935"/>
  <system-out>
Creating New Contact page displayed  </system-out>
  <testcase classname="com.vtiger.contacttest.CreateContactTC_31" name="readingexceledata" time="6.479"/>
  <system-out/>
  <testcase classname="com.vtiger.contacttest.CreateContactTC_31" name="fillcreatepage" time="15.422"/>
  <system-out>
Contacts created successfully  </system-out>
</testsuite> <!-- com.vtiger.contacttest.CreateContactTC_31 -->
