<?xml version="1.0" encoding="UTF-8"?>
<!-- Generated by org.testng.reporters.JUnitReportReporter -->
<testsuite hostname="DESKTOP-TR185PD" failures="0" tests="1" name="practice.SimpleScreenShotTest" time="11.789" errors="0" timestamp="2022-01-22T15:50:17 IST" skipped="0">
  <testcase classname="practice.SimpleScreenShotTest" name="verfiyHomepage" time="11.789"/>
  <system-out/>
</testsuite> <!-- practice.SimpleScreenShotTest -->
