<?xml version="1.0" encoding="UTF-8"?>
<!-- Generated by org.testng.reporters.JUnitReportReporter -->
<testsuite hostname="DESKTOP-TR185PD" failures="0" tests="7" name="com.vtiger.contacttest.CancelButtonIsEnabledorNot" time="24.258" errors="0" timestamp="2022-01-16T10:06:24 IST" skipped="0">
  <testcase classname="com.vtiger.contacttest.CancelButtonIsEnabledorNot" name="readPropertiesFile" time="0.010"/>
  <system-out/>
  <testcase classname="com.vtiger.contacttest.CancelButtonIsEnabledorNot" name="navapp" time="7.239"/>
  <system-out>
login page displayed  </system-out>
  <testcase classname="com.vtiger.contacttest.CancelButtonIsEnabledorNot" name="login" time="3.793"/>
  <system-out>
Home page displayed  </system-out>
  <testcase classname="com.vtiger.contacttest.CancelButtonIsEnabledorNot" name="contactpage" time="7.051"/>
  <system-out>
Contact page  displayed  </system-out>
  <testcase classname="com.vtiger.contacttest.CancelButtonIsEnabledorNot" name="creatingContact" time="2.240"/>
  <system-out>
Creating New Contact page displayed  </system-out>
  <testcase classname="com.vtiger.contacttest.CancelButtonIsEnabledorNot" name="readingexceledata" time="0.828"/>
  <system-out/>
  <testcase classname="com.vtiger.contacttest.CancelButtonIsEnabledorNot" name="fillcreatepage" time="3.097"/>
  <system-out>
Cancel button is enabled Contact page  displayed  </system-out>
</testsuite> <!-- com.vtiger.contacttest.CancelButtonIsEnabledorNot -->
