<?xml version="1.0" encoding="UTF-8"?>
<!-- Generated by org.testng.reporters.JUnitReportReporter -->
<testsuite hostname="DESKTOP-TR185PD" failures="0" tests="3" name="practice.CustomerTest" time="0.014" errors="0" timestamp="2022-01-21T09:27:30 IST" skipped="0">
  <testcase classname="practice.CustomerTest" name="createCustomerTest" time="0.010"/>
  <system-out/>
  <testcase classname="practice.CustomerTest" name="modifyCustomerTest" time="0.002"/>
  <system-out/>
  <testcase classname="practice.CustomerTest" name="deleteCustomerTest" time="0.002"/>
  <system-out/>
</testsuite> <!-- practice.CustomerTest -->
