<?xml version="1.0" encoding="UTF-8"?>
<!-- Generated by org.testng.reporters.JUnitReportReporter -->
<testsuite hostname="DESKTOP-TR185PD" failures="0" tests="3" name="practice.CreateCustomerDependsTest" time="0.016" errors="0" timestamp="2022-01-21T09:28:47 IST" skipped="0">
  <testcase classname="practice.CreateCustomerDependsTest" name="createCustomerTest" time="0.012"/>
  <system-out/>
  <testcase classname="practice.CreateCustomerDependsTest" name="modifyCustomerTest" time="0.002"/>
  <system-out/>
  <testcase classname="practice.CreateCustomerDependsTest" name="deleteCustomerTest" time="0.002"/>
  <system-out/>
</testsuite> <!-- practice.CreateCustomerDependsTest -->
