<?xml version="1.0" encoding="UTF-8"?>
<!-- Generated by org.testng.reporters.JUnitReportReporter -->
<testsuite hostname="DESKTOP-TR185PD" failures="0" tests="3" name="practice.CreateCustomerBMAM" time="0.024" errors="0" timestamp="2022-01-21T09:29:53 IST" skipped="0">
  <testcase classname="practice.CreateCustomerBMAM" name="createOrgwithindustriesTest" time="0.004"/>
  <system-out/>
  <testcase classname="practice.CreateCustomerBMAM" name="createOrgwithRatingTest" time="0.012"/>
  <system-out/>
  <testcase classname="practice.CreateCustomerBMAM" name="createOrgTest" time="0.008"/>
  <system-out/>
</testsuite> <!-- practice.CreateCustomerBMAM -->
